UserID : tOb3y, Login status : loggedIn, Ip: 195.195.15.250, Screen Dimensions : 1536 X 864, Time Spent: 18.0 seconds.
Server Name  :  localhost
Server Address  :  ::1
Server Port  :  80
Server Software :  Apache/2.4.56 (Win64) OpenSSL/1.1.1t PHP/8.2.4
Server URL :  /test-3/login.php
Client Name :  SF03LA15TL.shipley.ac.uk
Client Address :  ::1
Client Port :  49870
Client Software :  Mozilla/5.0 (Windows NT 10.0; Win64; x64) AppleWebKit/537.36 (KHTML, like Gecko) Chrome/117.0.0.0 Safari/537.36
Client Request :  POST

UserID : Faheem, Login status : Failed, Ip: 195.195.15.250, Screen Dimensions : 1536 X 864, Time Spent: 9.9 seconds.
Server Name  :  localhost
Server Address  :  ::1
Server Port  :  80
Server Software :  Apache/2.4.56 (Win64) OpenSSL/1.1.1t PHP/8.2.4
Server URL :  /test-3/login.php
Client Name :  SF03LA15TL.shipley.ac.uk
Client Address :  ::1
Client Port :  49900
Client Software :  Mozilla/5.0 (Windows NT 10.0; Win64; x64) AppleWebKit/537.36 (KHTML, like Gecko) Chrome/117.0.0.0 Safari/537.36
Client Request :  POST

UserID : fred, Login status : loggedIn, Ip: 195.195.15.250, Screen Dimensions : 1536 X 864, Time Spent: 8.2 seconds.
Server Name  :  localhost
Server Address  :  ::1
Server Port  :  80
Server Software :  Apache/2.4.56 (Win64) OpenSSL/1.1.1t PHP/8.2.4
Server URL :  /test-3/login.php
Client Name :  SF03LA15TL.shipley.ac.uk
Client Address :  ::1
Client Port :  49988
Client Software :  Mozilla/5.0 (Windows NT 10.0; Win64; x64) AppleWebKit/537.36 (KHTML, like Gecko) Chrome/117.0.0.0 Safari/537.36 Edg/117.0.2045.43
Client Request :  POST

UserID : tOb3y, Login status : loggedIn, Ip: 195.195.15.250, Screen Dimensions : 1536 X 864, Time Spent: 5.4 seconds.
Server Name  :  localhost
Server Address  :  ::1
Server Port  :  80
Server Software :  Apache/2.4.56 (Win64) OpenSSL/1.1.1t PHP/8.2.4
Server URL :  /test-3/login.php
Client Name :  SF03LA15TL.shipley.ac.uk
Client Address :  ::1
Client Port :  50040
Client Software :  Mozilla/5.0 (Windows NT 10.0; Win64; x64) AppleWebKit/537.36 (KHTML, like Gecko) Chrome/117.0.0.0 Safari/537.36
Client Request :  POST

UserID : test, Login status : Failed, Ip: 195.195.15.250, Screen Dimensions : 1536 X 864, Time Spent: 53.5 seconds.
Server Name  :  localhost
Server Address  :  ::1
Server Port  :  80
Server Software :  Apache/2.4.56 (Win64) OpenSSL/1.1.1t PHP/8.2.4
Server URL :  /test-3/login.php
Client Name :  SF03LA15TL.shipley.ac.uk
Client Address :  ::1
Client Port :  56788
Client Software :  Mozilla/5.0 (Windows NT 10.0; Win64; x64) AppleWebKit/537.36 (KHTML, like Gecko) Chrome/117.0.0.0 Safari/537.36
Client Request :  POST

UserID : test, Login status : Failed, Ip: 195.195.15.250, Screen Dimensions : 1536 X 864, Time Spent: 53.5 seconds.
Server Name  :  localhost
Server Address  :  ::1
Server Port  :  80
Server Software :  Apache/2.4.56 (Win64) OpenSSL/1.1.1t PHP/8.2.4
Server URL :  /test-3/login.php
Client Name :  SF03LA15TL.shipley.ac.uk
Client Address :  ::1
Client Port :  56980
Client Software :  Mozilla/5.0 (Windows NT 10.0; Win64; x64) AppleWebKit/537.36 (KHTML, like Gecko) Chrome/117.0.0.0 Safari/537.36
Client Request :  POST

UserID : test, Login status : Failed, Ip: 195.195.15.250, Screen Dimensions : 1536 X 864, Time Spent: 53.5 seconds.
Server Name  :  localhost
Server Address  :  ::1
Server Port  :  80
Server Software :  Apache/2.4.56 (Win64) OpenSSL/1.1.1t PHP/8.2.4
Server URL :  /test-3/login.php
Client Name :  SF03LA15TL.shipley.ac.uk
Client Address :  ::1
Client Port :  56412
Client Software :  Mozilla/5.0 (Windows NT 10.0; Win64; x64) AppleWebKit/537.36 (KHTML, like Gecko) Chrome/117.0.0.0 Safari/537.36
Client Request :  POST

UserID : test, Login status : Failed, Ip: 195.195.15.250, Screen Dimensions : 1536 X 864, Time Spent: 53.5 seconds.
Server Name  :  localhost
Server Address  :  ::1
Server Port  :  80
Server Software :  Apache/2.4.56 (Win64) OpenSSL/1.1.1t PHP/8.2.4
Server URL :  /test-3/login.php
Client Name :  SF03LA15TL.shipley.ac.uk
Client Address :  ::1
Client Port :  56610
Client Software :  Mozilla/5.0 (Windows NT 10.0; Win64; x64) AppleWebKit/537.36 (KHTML, like Gecko) Chrome/117.0.0.0 Safari/537.36
Client Request :  POST

UserID : test, Login status : Failed, Ip: 195.195.15.250, Screen Dimensions : 1536 X 864, Time Spent: 53.5 seconds.
Server Name  :  localhost
Server Address  :  ::1
Server Port  :  80
Server Software :  Apache/2.4.56 (Win64) OpenSSL/1.1.1t PHP/8.2.4
Server URL :  /test-3/login.php
Client Name :  SF03LA15TL.shipley.ac.uk
Client Address :  ::1
Client Port :  56611
Client Software :  Mozilla/5.0 (Windows NT 10.0; Win64; x64) AppleWebKit/537.36 (KHTML, like Gecko) Chrome/117.0.0.0 Safari/537.36
Client Request :  POST

UserID : test, Login status : Failed, Ip: 195.195.15.250, Screen Dimensions : 1536 X 864, Time Spent: 53.5 seconds.
Server Name  :  localhost
Server Address  :  ::1
Server Port  :  80
Server Software :  Apache/2.4.56 (Win64) OpenSSL/1.1.1t PHP/8.2.4
Server URL :  /test-3/login.php
Client Name :  SF03LA15TL.shipley.ac.uk
Client Address :  ::1
Client Port :  56641
Client Software :  Mozilla/5.0 (Windows NT 10.0; Win64; x64) AppleWebKit/537.36 (KHTML, like Gecko) Chrome/117.0.0.0 Safari/537.36
Client Request :  POST

UserID : test, Login status : Failed, Ip: 195.195.15.250, Screen Dimensions : 1536 X 864, Time Spent: 53.5 seconds.
Server Name  :  localhost
Server Address  :  ::1
Server Port  :  80
Server Software :  Apache/2.4.56 (Win64) OpenSSL/1.1.1t PHP/8.2.4
Server URL :  /test-3/login.php
Client Name :  SF03LA15TL.shipley.ac.uk
Client Address :  ::1
Client Port :  56770
Client Software :  Mozilla/5.0 (Windows NT 10.0; Win64; x64) AppleWebKit/537.36 (KHTML, like Gecko) Chrome/117.0.0.0 Safari/537.36
Client Request :  POST

UserID : test, Login status : Failed, Ip: 195.195.15.250, Screen Dimensions : 1536 X 864, Time Spent: 53.5 seconds.
Server Name  :  localhost
Server Address  :  ::1
Server Port  :  80
Server Software :  Apache/2.4.56 (Win64) OpenSSL/1.1.1t PHP/8.2.4
Server URL :  /test-3/login.php
Client Name :  SF03LA15TL.shipley.ac.uk
Client Address :  ::1
Client Port :  57208
Client Software :  Mozilla/5.0 (Windows NT 10.0; Win64; x64) AppleWebKit/537.36 (KHTML, like Gecko) Chrome/117.0.0.0 Safari/537.36
Client Request :  POST

UserID : test, Login status : Failed, Ip: 195.195.15.250, Screen Dimensions : 1536 X 864, Time Spent: 53.5 seconds.
Server Name  :  localhost
Server Address  :  ::1
Server Port  :  80
Server Software :  Apache/2.4.56 (Win64) OpenSSL/1.1.1t PHP/8.2.4
Server URL :  /test-3/login.php
Client Name :  SF03LA15TL.shipley.ac.uk
Client Address :  ::1
Client Port :  57345
Client Software :  Mozilla/5.0 (Windows NT 10.0; Win64; x64) AppleWebKit/537.36 (KHTML, like Gecko) Chrome/117.0.0.0 Safari/537.36
Client Request :  POST

UserID : test, Login status : Failed, Ip: 195.195.15.250, Screen Dimensions : 1536 X 864, Time Spent: 53.5 seconds.
Server Name  :  localhost
Server Address  :  ::1
Server Port  :  80
Server Software :  Apache/2.4.56 (Win64) OpenSSL/1.1.1t PHP/8.2.4
Server URL :  /test-3/login.php
Client Name :  SF03LA15TL.shipley.ac.uk
Client Address :  ::1
Client Port :  57496
Client Software :  Mozilla/5.0 (Windows NT 10.0; Win64; x64) AppleWebKit/537.36 (KHTML, like Gecko) Chrome/117.0.0.0 Safari/537.36
Client Request :  POST

UserID : tOb3y, Login status : loggedIn, Ip: 195.195.15.250, Screen Dimensions : 1536 X 864, Time Spent: 175.3 seconds.
Server Name  :  localhost
Server Address  :  ::1
Server Port  :  80
Server Software :  Apache/2.4.56 (Win64) OpenSSL/1.1.1t PHP/8.2.4
Server URL :  /test-3/login.php
Client Name :  SF03LA15TL.shipley.ac.uk
Client Address :  ::1
Client Port :  54899
Client Software :  Mozilla/5.0 (Windows NT 10.0; Win64; x64) AppleWebKit/537.36 (KHTML, like Gecko) Chrome/117.0.0.0 Safari/537.36
Client Request :  POST

UserID : tOb3y, Login status : loggedIn, Ip: 195.195.15.250, Screen Dimensions : 1536 X 864, Time Spent: 175.3 seconds.
Server Name  :  localhost
Server Address  :  ::1
Server Port  :  80
Server Software :  Apache/2.4.56 (Win64) OpenSSL/1.1.1t PHP/8.2.4
Server URL :  /test-3/login.php
Client Name :  SF03LA15TL.shipley.ac.uk
Client Address :  ::1
Client Port :  53586
Client Software :  Mozilla/5.0 (Windows NT 10.0; Win64; x64) AppleWebKit/537.36 (KHTML, like Gecko) Chrome/117.0.0.0 Safari/537.36
Client Request :  POST

UserID : tOb3y, Login status : loggedIn, Ip: 195.195.15.250, Screen Dimensions : 1536 X 864, Time Spent: 175.3 seconds.
Server Name  :  localhost
Server Address  :  ::1
Server Port  :  80
Server Software :  Apache/2.4.56 (Win64) OpenSSL/1.1.1t PHP/8.2.4
Server URL :  /test-3/login.php
Client Name :  SF03LA15TL.shipley.ac.uk
Client Address :  ::1
Client Port :  53587
Client Software :  Mozilla/5.0 (Windows NT 10.0; Win64; x64) AppleWebKit/537.36 (KHTML, like Gecko) Chrome/117.0.0.0 Safari/537.36
Client Request :  POST

UserID : tOb3y, Login status : loggedIn, Ip: 195.195.15.250, Screen Dimensions : 1536 X 864, Time Spent: 175.3 seconds.
Server Name  :  localhost
Server Address  :  ::1
Server Port  :  80
Server Software :  Apache/2.4.56 (Win64) OpenSSL/1.1.1t PHP/8.2.4
Server URL :  /test-3/login.php
Client Name :  SF03LA15TL.shipley.ac.uk
Client Address :  ::1
Client Port :  53587
Client Software :  Mozilla/5.0 (Windows NT 10.0; Win64; x64) AppleWebKit/537.36 (KHTML, like Gecko) Chrome/117.0.0.0 Safari/537.36
Client Request :  POST

UserID : tOb3y, Login status : loggedIn, Ip: 195.195.15.250, Screen Dimensions : 1536 X 864, Time Spent: 175.3 seconds.
Server Name  :  localhost
Server Address  :  ::1
Server Port  :  80
Server Software :  Apache/2.4.56 (Win64) OpenSSL/1.1.1t PHP/8.2.4
Server URL :  /test-3/login.php
Client Name :  SF03LA15TL.shipley.ac.uk
Client Address :  ::1
Client Port :  53590
Client Software :  Mozilla/5.0 (Windows NT 10.0; Win64; x64) AppleWebKit/537.36 (KHTML, like Gecko) Chrome/117.0.0.0 Safari/537.36
Client Request :  POST

UserID : tOb3y, Login status : loggedIn, Ip: 195.195.15.250, Screen Dimensions : 1536 X 864, Time Spent: 175.3 seconds.
Server Name  :  localhost
Server Address  :  ::1
Server Port  :  80
Server Software :  Apache/2.4.56 (Win64) OpenSSL/1.1.1t PHP/8.2.4
Server URL :  /test-3/login.php
Client Name :  SF03LA15TL.shipley.ac.uk
Client Address :  ::1
Client Port :  53769
Client Software :  Mozilla/5.0 (Windows NT 10.0; Win64; x64) AppleWebKit/537.36 (KHTML, like Gecko) Chrome/117.0.0.0 Safari/537.36
Client Request :  POST

UserID : tOb3y, Login status : loggedIn, Ip: 195.195.15.250, Screen Dimensions : 1536 X 864, Time Spent: 175.3 seconds.
Server Name  :  localhost
Server Address  :  ::1
Server Port  :  80
Server Software :  Apache/2.4.56 (Win64) OpenSSL/1.1.1t PHP/8.2.4
Server URL :  /test-3/login.php
Client Name :  SF03LA15TL.shipley.ac.uk
Client Address :  ::1
Client Port :  53799
Client Software :  Mozilla/5.0 (Windows NT 10.0; Win64; x64) AppleWebKit/537.36 (KHTML, like Gecko) Chrome/117.0.0.0 Safari/537.36
Client Request :  POST

UserID : tOb3y, Login status : loggedIn, Ip: 195.195.15.250, Screen Dimensions : 1536 X 864, Time Spent: 175.3 seconds.
Server Name  :  localhost
Server Address  :  ::1
Server Port  :  80
Server Software :  Apache/2.4.56 (Win64) OpenSSL/1.1.1t PHP/8.2.4
Server URL :  /test-3/login.php
Client Name :  SF03LA15TL.shipley.ac.uk
Client Address :  ::1
Client Port :  53849
Client Software :  Mozilla/5.0 (Windows NT 10.0; Win64; x64) AppleWebKit/537.36 (KHTML, like Gecko) Chrome/117.0.0.0 Safari/537.36
Client Request :  POST

UserID : tOb3y, Login status : loggedIn, Ip: 195.195.15.250, Screen Dimensions : 1536 X 864, Time Spent: 175.3 seconds.
Server Name  :  localhost
Server Address  :  ::1
Server Port  :  80
Server Software :  Apache/2.4.56 (Win64) OpenSSL/1.1.1t PHP/8.2.4
Server URL :  /test-3/login.php
Client Name :  SF03LA15TL.shipley.ac.uk
Client Address :  ::1
Client Port :  53893
Client Software :  Mozilla/5.0 (Windows NT 10.0; Win64; x64) AppleWebKit/537.36 (KHTML, like Gecko) Chrome/117.0.0.0 Safari/537.36
Client Request :  POST

UserID : tOb3y, Login status : loggedIn, Ip: 195.195.15.250, Screen Dimensions : 1536 X 864, Time Spent: 175.3 seconds.
Server Name  :  localhost
Server Address  :  ::1
Server Port  :  80
Server Software :  Apache/2.4.56 (Win64) OpenSSL/1.1.1t PHP/8.2.4
Server URL :  /test-3/login.php
Client Name :  SF03LA15TL.shipley.ac.uk
Client Address :  ::1
Client Port :  53907
Client Software :  Mozilla/5.0 (Windows NT 10.0; Win64; x64) AppleWebKit/537.36 (KHTML, like Gecko) Chrome/117.0.0.0 Safari/537.36
Client Request :  POST

UserID : tOb3y, Login status : loggedIn, Ip: 195.195.15.250, Screen Dimensions : 1536 X 864, Time Spent: 175.3 seconds.
Server Name  :  localhost
Server Address  :  ::1
Server Port  :  80
Server Software :  Apache/2.4.56 (Win64) OpenSSL/1.1.1t PHP/8.2.4
Server URL :  /test-3/login.php
Client Name :  SF03LA15TL.shipley.ac.uk
Client Address :  ::1
Client Port :  53918
Client Software :  Mozilla/5.0 (Windows NT 10.0; Win64; x64) AppleWebKit/537.36 (KHTML, like Gecko) Chrome/117.0.0.0 Safari/537.36
Client Request :  POST

UserID : tOb3y, Login status : loggedIn, Ip: 195.195.15.250, Screen Dimensions : 1536 X 864, Time Spent: 175.3 seconds.
Server Name  :  localhost
Server Address  :  ::1
Server Port  :  80
Server Software :  Apache/2.4.56 (Win64) OpenSSL/1.1.1t PHP/8.2.4
Server URL :  /test-3/login.php
Client Name :  SF03LA15TL.shipley.ac.uk
Client Address :  ::1
Client Port :  53931
Client Software :  Mozilla/5.0 (Windows NT 10.0; Win64; x64) AppleWebKit/537.36 (KHTML, like Gecko) Chrome/117.0.0.0 Safari/537.36
Client Request :  POST

UserID : tOb3y, Login status : loggedIn, Ip: 195.195.15.250, Screen Dimensions : 1536 X 864, Time Spent: 175.3 seconds.
Server Name  :  localhost
Server Address  :  ::1
Server Port  :  80
Server Software :  Apache/2.4.56 (Win64) OpenSSL/1.1.1t PHP/8.2.4
Server URL :  /test-3/login.php
Client Name :  SF03LA15TL.shipley.ac.uk
Client Address :  ::1
Client Port :  53932
Client Software :  Mozilla/5.0 (Windows NT 10.0; Win64; x64) AppleWebKit/537.36 (KHTML, like Gecko) Chrome/117.0.0.0 Safari/537.36
Client Request :  POST

UserID : , Login status : Failed, Ip: 195.195.15.250, Screen Dimensions : 1536 X 864, Time Spent: 8.3 seconds.
Server Name  :  localhost
Server Address  :  ::1
Server Port  :  80
Server Software :  Apache/2.4.56 (Win64) OpenSSL/1.1.1t PHP/8.2.4
Server URL :  /test-3/login.php
Client Name :  SF03LA15TL.shipley.ac.uk
Client Address :  ::1
Client Port :  61621
Client Software :  Mozilla/5.0 (Windows NT 10.0; Win64; x64) AppleWebKit/537.36 (KHTML, like Gecko) Chrome/117.0.0.0 Safari/537.36
Client Request :  POST

UserID : , Login status : Failed, Ip: 195.195.15.250, Screen Dimensions : 1536 X 864, Time Spent: 8.3 seconds.
Server Name  :  localhost
Server Address  :  ::1
Server Port  :  80
Server Software :  Apache/2.4.56 (Win64) OpenSSL/1.1.1t PHP/8.2.4
Server URL :  /test-3/login.php
Client Name :  SF03LA15TL.shipley.ac.uk
Client Address :  ::1
Client Port :  61622
Client Software :  Mozilla/5.0 (Windows NT 10.0; Win64; x64) AppleWebKit/537.36 (KHTML, like Gecko) Chrome/117.0.0.0 Safari/537.36
Client Request :  POST

